18:13:10 **** Build of project L2_Ph3_L2_Ph3_PM_bsp ****
make -k all 
"Running Make include in ps7_cortexa9_1/libsrc/ad_converter_serial_receiver_v1_00_a/src"
make -C ps7_cortexa9_1/libsrc/ad_converter_serial_receiver_v1_00_a/src -s include  "SHELL=CMD" "COMPILER=arm-none-eabi-gcc" "ARCHIVER=arm-none-eabi-ar" "COMPILER_FLAGS=  -O2 -c" "EXTRA_COMPILER_FLAGS=-DUSE_AMP=1 -mcpu=cortex-a9 -mfpu=vfpv3 -mfloat-abi=hard -nostartfiles -g -Wall -Wextra"
"AD converter serial receiver include files"
"Running Make include in ps7_cortexa9_1/libsrc/blankingtimecorr_v1_0/src"
make -C ps7_cortexa9_1/libsrc/blankingtimecorr_v1_0/src -s include  "SHELL=CMD" "COMPILER=arm-none-eabi-gcc" "ARCHIVER=arm-none-eabi-ar" "COMPILER_FLAGS=  -O2 -c" "EXTRA_COMPILER_FLAGS=-DUSE_AMP=1 -mcpu=cortex-a9 -mfpu=vfpv3 -mfloat-abi=hard -nostartfiles -g -Wall -Wextra"
"Running Make include in ps7_cortexa9_1/libsrc/canps_v3_2/src"
make -C ps7_cortexa9_1/libsrc/canps_v3_2/src -s include  "SHELL=CMD" "COMPILER=arm-none-eabi-gcc" "ARCHIVER=arm-none-eabi-ar" "COMPILER_FLAGS=  -O2 -c" "EXTRA_COMPILER_FLAGS=-DUSE_AMP=1 -mcpu=cortex-a9 -mfpu=vfpv3 -mfloat-abi=hard -nostartfiles -g -Wall -Wextra"
"Running Make include in ps7_cortexa9_1/libsrc/common_v1_00_a/src"
make -C ps7_cortexa9_1/libsrc/common_v1_00_a/src -s include  "SHELL=CMD" "COMPILER=arm-none-eabi-gcc" "ARCHIVER=arm-none-eabi-ar" "COMPILER_FLAGS=  -O2 -c" "EXTRA_COMPILER_FLAGS=-DUSE_AMP=1 -mcpu=cortex-a9 -mfpu=vfpv3 -mfloat-abi=hard -nostartfiles -g -Wall -Wextra"
"Running Make include in ps7_cortexa9_1/libsrc/comparator_limiter_block_v1_00_a/src"
make -C ps7_cortexa9_1/libsrc/comparator_limiter_block_v1_00_a/src -s include  "SHELL=CMD" "COMPILER=arm-none-eabi-gcc" "ARCHIVER=arm-none-eabi-ar" "COMPILER_FLAGS=  -O2 -c" "EXTRA_COMPILER_FLAGS=-DUSE_AMP=1 -mcpu=cortex-a9 -mfpu=vfpv3 -mfloat-abi=hard -nostartfiles -g -Wall -Wextra"
"Running Make include in ps7_cortexa9_1/libsrc/coresightps_dcc_v1_5/src"
make -C ps7_cortexa9_1/libsrc/coresightps_dcc_v1_5/src -s include  "SHELL=CMD" "COMPILER=arm-none-eabi-gcc" "ARCHIVER=arm-none-eabi-ar" "COMPILER_FLAGS=  -O2 -c" "EXTRA_COMPILER_FLAGS=-DUSE_AMP=1 -mcpu=cortex-a9 -mfpu=vfpv3 -mfloat-abi=hard -nostartfiles -g -Wall -Wextra"
"Running Make include in ps7_cortexa9_1/libsrc/cpu_cortexa9_v2_7/src"
make -C ps7_cortexa9_1/libsrc/cpu_cortexa9_v2_7/src -s include  "SHELL=CMD" "COMPILER=arm-none-eabi-gcc" "ARCHIVER=arm-none-eabi-ar" "COMPILER_FLAGS=  -O2 -c" "EXTRA_COMPILER_FLAGS=-DUSE_AMP=1 -mcpu=cortex-a9 -mfpu=vfpv3 -mfloat-abi=hard -nostartfiles -g -Wall -Wextra"
"Running Make include in ps7_cortexa9_1/libsrc/da_converter_interface_v1_00_a/src"
make -C ps7_cortexa9_1/libsrc/da_converter_interface_v1_00_a/src -s include  "SHELL=CMD" "COMPILER=arm-none-eabi-gcc" "ARCHIVER=arm-none-eabi-ar" "COMPILER_FLAGS=  -O2 -c" "EXTRA_COMPILER_FLAGS=-DUSE_AMP=1 -mcpu=cortex-a9 -mfpu=vfpv3 -mfloat-abi=hard -nostartfiles -g -Wall -Wextra"
"Running Make include in ps7_cortexa9_1/libsrc/ddrps_v1_0/src"
make -C ps7_cortexa9_1/libsrc/ddrps_v1_0/src -s include  "SHELL=CMD" "COMPILER=arm-none-eabi-gcc" "ARCHIVER=arm-none-eabi-ar" "COMPILER_FLAGS=  -O2 -c" "EXTRA_COMPILER_FLAGS=-DUSE_AMP=1 -mcpu=cortex-a9 -mfpu=vfpv3 -mfloat-abi=hard -nostartfiles -g -Wall -Wextra"
"Running Make include in ps7_cortexa9_1/libsrc/devcfg_v3_5/src"
make -C ps7_cortexa9_1/libsrc/devcfg_v3_5/src -s include  "SHELL=CMD" "COMPILER=arm-none-eabi-gcc" "ARCHIVER=arm-none-eabi-ar" "COMPILER_FLAGS=  -O2 -c" "EXTRA_COMPILER_FLAGS=-DUSE_AMP=1 -mcpu=cortex-a9 -mfpu=vfpv3 -mfloat-abi=hard -nostartfiles -g -Wall -Wextra"
"Running Make include in ps7_cortexa9_1/libsrc/dmaps_v2_4/src"
make -C ps7_cortexa9_1/libsrc/dmaps_v2_4/src -s include  "SHELL=CMD" "COMPILER=arm-none-eabi-gcc" "ARCHIVER=arm-none-eabi-ar" "COMPILER_FLAGS=  -O2 -c" "EXTRA_COMPILER_FLAGS=-DUSE_AMP=1 -mcpu=cortex-a9 -mfpu=vfpv3 -mfloat-abi=hard -nostartfiles -g -Wall -Wextra"
"Running Make include in ps7_cortexa9_1/libsrc/driver_interface_v1_00_a/src"
make -C ps7_cortexa9_1/libsrc/driver_interface_v1_00_a/src -s include  "SHELL=CMD" "COMPILER=arm-none-eabi-gcc" "ARCHIVER=arm-none-eabi-ar" "COMPILER_FLAGS=  -O2 -c" "EXTRA_COMPILER_FLAGS=-DUSE_AMP=1 -mcpu=cortex-a9 -mfpu=vfpv3 -mfloat-abi=hard -nostartfiles -g -Wall -Wextra"
"Running Make include in ps7_cortexa9_1/libsrc/emacps_v3_9/src"
make -C ps7_cortexa9_1/libsrc/emacps_v3_9/src -s include  "SHELL=CMD" "COMPILER=arm-none-eabi-gcc" "ARCHIVER=arm-none-eabi-ar" "COMPILER_FLAGS=  -O2 -c" "EXTRA_COMPILER_FLAGS=-DUSE_AMP=1 -mcpu=cortex-a9 -mfpu=vfpv3 -mfloat-abi=hard -nostartfiles -g -Wall -Wextra"
"Running Make include in ps7_cortexa9_1/libsrc/emu_pm_v6_10/src"
make -C ps7_cortexa9_1/libsrc/emu_pm_v6_10/src -s include  "SHELL=CMD" "COMPILER=arm-none-eabi-gcc" "ARCHIVER=arm-none-eabi-ar" "COMPILER_FLAGS=  -O2 -c" "EXTRA_COMPILER_FLAGS=-DUSE_AMP=1 -mcpu=cortex-a9 -mfpu=vfpv3 -mfloat-abi=hard -nostartfiles -g -Wall -Wextra"
"Running Make include in ps7_cortexa9_1/libsrc/filter_block_v1_00_a/src"
make -C ps7_cortexa9_1/libsrc/filter_block_v1_00_a/src -s include  "SHELL=CMD" "COMPILER=arm-none-eabi-gcc" "ARCHIVER=arm-none-eabi-ar" "COMPILER_FLAGS=  -O2 -c" "EXTRA_COMPILER_FLAGS=-DUSE_AMP=1 -mcpu=cortex-a9 -mfpu=vfpv3 -mfloat-abi=hard -nostartfiles -g -Wall -Wextra"
"Running Make include in ps7_cortexa9_1/libsrc/gpiops_v3_5/src"
make -C ps7_cortexa9_1/libsrc/gpiops_v3_5/src -s include  "SHELL=CMD" "COMPILER=arm-none-eabi-gcc" "ARCHIVER=arm-none-eabi-ar" "COMPILER_FLAGS=  -O2 -c" "EXTRA_COMPILER_FLAGS=-DUSE_AMP=1 -mcpu=cortex-a9 -mfpu=vfpv3 -mfloat-abi=hard -nostartfiles -g -Wall -Wextra"
"Running Make include in ps7_cortexa9_1/libsrc/gpio_v4_4/src"
make -C ps7_cortexa9_1/libsrc/gpio_v4_4/src -s include  "SHELL=CMD" "COMPILER=arm-none-eabi-gcc" "ARCHIVER=arm-none-eabi-ar" "COMPILER_FLAGS=  -O2 -c" "EXTRA_COMPILER_FLAGS=-DUSE_AMP=1 -mcpu=cortex-a9 -mfpu=vfpv3 -mfloat-abi=hard -nostartfiles -g -Wall -Wextra"
"Running Make include in ps7_cortexa9_1/libsrc/incremental_encoder_interface_v1_00_a/src"
make -C ps7_cortexa9_1/libsrc/incremental_encoder_interface_v1_00_a/src -s include  "SHELL=CMD" "COMPILER=arm-none-eabi-gcc" "ARCHIVER=arm-none-eabi-ar" "COMPILER_FLAGS=  -O2 -c" "EXTRA_COMPILER_FLAGS=-DUSE_AMP=1 -mcpu=cortex-a9 -mfpu=vfpv3 -mfloat-abi=hard -nostartfiles -g -Wall -Wextra"
"Running Make include in ps7_cortexa9_1/libsrc/multiplexer_v1_0/src"
make -C ps7_cortexa9_1/libsrc/multiplexer_v1_0/src -s include  "SHELL=CMD" "COMPILER=arm-none-eabi-gcc" "ARCHIVER=arm-none-eabi-ar" "COMPILER_FLAGS=  -O2 -c" "EXTRA_COMPILER_FLAGS=-DUSE_AMP=1 -mcpu=cortex-a9 -mfpu=vfpv3 -mfloat-abi=hard -nostartfiles -g -Wall -Wextra"
"Running Make include in ps7_cortexa9_1/libsrc/pulse_width_modulator_v1_00_a/src"
make -C ps7_cortexa9_1/libsrc/pulse_width_modulator_v1_00_a/src -s include  "SHELL=CMD" "COMPILER=arm-none-eabi-gcc" "ARCHIVER=arm-none-eabi-ar" "COMPILER_FLAGS=  -O2 -c" "EXTRA_COMPILER_FLAGS=-DUSE_AMP=1 -mcpu=cortex-a9 -mfpu=vfpv3 -mfloat-abi=hard -nostartfiles -g -Wall -Wextra"
"Running Make include in ps7_cortexa9_1/libsrc/qspips_v3_6/src"
make -C ps7_cortexa9_1/libsrc/qspips_v3_6/src -s include  "SHELL=CMD" "COMPILER=arm-none-eabi-gcc" "ARCHIVER=arm-none-eabi-ar" "COMPILER_FLAGS=  -O2 -c" "EXTRA_COMPILER_FLAGS=-DUSE_AMP=1 -mcpu=cortex-a9 -mfpu=vfpv3 -mfloat-abi=hard -nostartfiles -g -Wall -Wextra"
"Running Make include in ps7_cortexa9_1/libsrc/register_array_v1_00_a/src"
make -C ps7_cortexa9_1/libsrc/register_array_v1_00_a/src -s include  "SHELL=CMD" "COMPILER=arm-none-eabi-gcc" "ARCHIVER=arm-none-eabi-ar" "COMPILER_FLAGS=  -O2 -c" "EXTRA_COMPILER_FLAGS=-DUSE_AMP=1 -mcpu=cortex-a9 -mfpu=vfpv3 -mfloat-abi=hard -nostartfiles -g -Wall -Wextra"
"Running Make include in ps7_cortexa9_1/libsrc/scugic_v4_0/src"
make -C ps7_cortexa9_1/libsrc/scugic_v4_0/src -s include  "SHELL=CMD" "COMPILER=arm-none-eabi-gcc" "ARCHIVER=arm-none-eabi-ar" "COMPILER_FLAGS=  -O2 -c" "EXTRA_COMPILER_FLAGS=-DUSE_AMP=1 -mcpu=cortex-a9 -mfpu=vfpv3 -mfloat-abi=hard -nostartfiles -g -Wall -Wextra"
"Running Make include in ps7_cortexa9_1/libsrc/scutimer_v2_1/src"
make -C ps7_cortexa9_1/libsrc/scutimer_v2_1/src -s include  "SHELL=CMD" "COMPILER=arm-none-eabi-gcc" "ARCHIVER=arm-none-eabi-ar" "COMPILER_FLAGS=  -O2 -c" "EXTRA_COMPILER_FLAGS=-DUSE_AMP=1 -mcpu=cortex-a9 -mfpu=vfpv3 -mfloat-abi=hard -nostartfiles -g -Wall -Wextra"
"Running Make include in ps7_cortexa9_1/libsrc/scuwdt_v2_1/src"
make -C ps7_cortexa9_1/libsrc/scuwdt_v2_1/src -s include  "SHELL=CMD" "COMPILER=arm-none-eabi-gcc" "ARCHIVER=arm-none-eabi-ar" "COMPILER_FLAGS=  -O2 -c" "EXTRA_COMPILER_FLAGS=-DUSE_AMP=1 -mcpu=cortex-a9 -mfpu=vfpv3 -mfloat-abi=hard -nostartfiles -g -Wall -Wextra"
"Running Make include in ps7_cortexa9_1/libsrc/sdps_v3_7/src"
make -C ps7_cortexa9_1/libsrc/sdps_v3_7/src -s include  "SHELL=CMD" "COMPILER=arm-none-eabi-gcc" "ARCHIVER=arm-none-eabi-ar" "COMPILER_FLAGS=  -O2 -c" "EXTRA_COMPILER_FLAGS=-DUSE_AMP=1 -mcpu=cortex-a9 -mfpu=vfpv3 -mfloat-abi=hard -nostartfiles -g -Wall -Wextra"
"Running Make include in ps7_cortexa9_1/libsrc/spips_v3_2/src"
make -C ps7_cortexa9_1/libsrc/spips_v3_2/src -s include  "SHELL=CMD" "COMPILER=arm-none-eabi-gcc" "ARCHIVER=arm-none-eabi-ar" "COMPILER_FLAGS=  -O2 -c" "EXTRA_COMPILER_FLAGS=-DUSE_AMP=1 -mcpu=cortex-a9 -mfpu=vfpv3 -mfloat-abi=hard -nostartfiles -g -Wall -Wextra"
"Running Make include in ps7_cortexa9_1/libsrc/standalone_v7_0/src"
make -C ps7_cortexa9_1/libsrc/standalone_v7_0/src -s include  "SHELL=CMD" "COMPILER=arm-none-eabi-gcc" "ARCHIVER=arm-none-eabi-ar" "COMPILER_FLAGS=  -O2 -c" "EXTRA_COMPILER_FLAGS=-DUSE_AMP=1 -mcpu=cortex-a9 -mfpu=vfpv3 -mfloat-abi=hard -nostartfiles -g -Wall -Wextra"
"Running Make include in ps7_cortexa9_1/libsrc/switching_event_counter_v1_00_a/src"
make -C ps7_cortexa9_1/libsrc/switching_event_counter_v1_00_a/src -s include  "SHELL=CMD" "COMPILER=arm-none-eabi-gcc" "ARCHIVER=arm-none-eabi-ar" "COMPILER_FLAGS=  -O2 -c" "EXTRA_COMPILER_FLAGS=-DUSE_AMP=1 -mcpu=cortex-a9 -mfpu=vfpv3 -mfloat-abi=hard -nostartfiles -g -Wall -Wextra"
"Running Make include in ps7_cortexa9_1/libsrc/sysmon_v7_5/src"
make -C ps7_cortexa9_1/libsrc/sysmon_v7_5/src -s include  "SHELL=CMD" "COMPILER=arm-none-eabi-gcc" "ARCHIVER=arm-none-eabi-ar" "COMPILER_FLAGS=  -O2 -c" "EXTRA_COMPILER_FLAGS=-DUSE_AMP=1 -mcpu=cortex-a9 -mfpu=vfpv3 -mfloat-abi=hard -nostartfiles -g -Wall -Wextra"
"Running Make include in ps7_cortexa9_1/libsrc/ttcps_v3_9/src"
make -C ps7_cortexa9_1/libsrc/ttcps_v3_9/src -s include  "SHELL=CMD" "COMPILER=arm-none-eabi-gcc" "ARCHIVER=arm-none-eabi-ar" "COMPILER_FLAGS=  -O2 -c" "EXTRA_COMPILER_FLAGS=-DUSE_AMP=1 -mcpu=cortex-a9 -mfpu=vfpv3 -mfloat-abi=hard -nostartfiles -g -Wall -Wextra"
"Running Make include in ps7_cortexa9_1/libsrc/uartps_v3_7/src"
make -C ps7_cortexa9_1/libsrc/uartps_v3_7/src -s include  "SHELL=CMD" "COMPILER=arm-none-eabi-gcc" "ARCHIVER=arm-none-eabi-ar" "COMPILER_FLAGS=  -O2 -c" "EXTRA_COMPILER_FLAGS=-DUSE_AMP=1 -mcpu=cortex-a9 -mfpu=vfpv3 -mfloat-abi=hard -nostartfiles -g -Wall -Wextra"
"Running Make include in ps7_cortexa9_1/libsrc/usbps_v2_4/src"
make -C ps7_cortexa9_1/libsrc/usbps_v2_4/src -s include  "SHELL=CMD" "COMPILER=arm-none-eabi-gcc" "ARCHIVER=arm-none-eabi-ar" "COMPILER_FLAGS=  -O2 -c" "EXTRA_COMPILER_FLAGS=-DUSE_AMP=1 -mcpu=cortex-a9 -mfpu=vfpv3 -mfloat-abi=hard -nostartfiles -g -Wall -Wextra"
"Running Make include in ps7_cortexa9_1/libsrc/xadcps_v2_3/src"
make -C ps7_cortexa9_1/libsrc/xadcps_v2_3/src -s include  "SHELL=CMD" "COMPILER=arm-none-eabi-gcc" "ARCHIVER=arm-none-eabi-ar" "COMPILER_FLAGS=  -O2 -c" "EXTRA_COMPILER_FLAGS=-DUSE_AMP=1 -mcpu=cortex-a9 -mfpu=vfpv3 -mfloat-abi=hard -nostartfiles -g -Wall -Wextra"
"Running Make libs in ps7_cortexa9_1/libsrc/ad_converter_serial_receiver_v1_00_a/src"
make -C ps7_cortexa9_1/libsrc/ad_converter_serial_receiver_v1_00_a/src -s libs  "SHELL=CMD" "COMPILER=arm-none-eabi-gcc" "ARCHIVER=arm-none-eabi-ar" "COMPILER_FLAGS=  -O2 -c" "EXTRA_COMPILER_FLAGS=-DUSE_AMP=1 -mcpu=cortex-a9 -mfpu=vfpv3 -mfloat-abi=hard -nostartfiles -g -Wall -Wextra"
"Running Make libs in ps7_cortexa9_1/libsrc/blankingtimecorr_v1_0/src"
make -C ps7_cortexa9_1/libsrc/blankingtimecorr_v1_0/src -s libs  "SHELL=CMD" "COMPILER=arm-none-eabi-gcc" "ARCHIVER=arm-none-eabi-ar" "COMPILER_FLAGS=  -O2 -c" "EXTRA_COMPILER_FLAGS=-DUSE_AMP=1 -mcpu=cortex-a9 -mfpu=vfpv3 -mfloat-abi=hard -nostartfiles -g -Wall -Wextra"
"Compiling foo_top_top"
In file included from blankingtimecorr.h:9,
                 from blankingtimecorr.c:1:
blankingtimecorr.c: In function 'blankingtimecorr_ic_in_read':
../../../include/xil_assert.h:108:9: warning: 'return' with no value, in function returning non-void
         return;                                    \
         ^~~~~~
blankingtimecorr.c:22:5: note: in expansion of macro 'Xil_AssertVoid'
     Xil_AssertVoid(InstancePtr != NULL);
     ^~~~~~~~~~~~~~
blankingtimecorr.c:19:5: note: declared here
 int blankingtimecorr_ic_in_read(blankingtimecorr *InstancePtr) {
     ^~~~~~~~~~~~~~~~~~~~~~~~~~~
In file included from blankingtimecorr.h:9,
                 from blankingtimecorr.c:1:
blankingtimecorr.c: In function 'blankingtimecorr_ib_in_read':
../../../include/xil_assert.h:108:9: warning: 'return' with no value, in function returning non-void
         return;                                    \
         ^~~~~~
blankingtimecorr.c:36:5: note: in expansion of macro 'Xil_AssertVoid'
     Xil_AssertVoid(InstancePtr != NULL);
     ^~~~~~~~~~~~~~
blankingtimecorr.c:33:5: note: declared here
 int blankingtimecorr_ib_in_read(blankingtimecorr *InstancePtr) {
     ^~~~~~~~~~~~~~~~~~~~~~~~~~~
In file included from blankingtimecorr.h:9,
                 from blankingtimecorr.c:1:
blankingtimecorr.c: In function 'blankingtimecorr_ia_in_read':
../../../include/xil_assert.h:108:9: warning: 'return' with no value, in function returning non-void
         return;                                    \
         ^~~~~~
blankingtimecorr.c:50:5: note: in expansion of macro 'Xil_AssertVoid'
     Xil_AssertVoid(InstancePtr != NULL);
     ^~~~~~~~~~~~~~
blankingtimecorr.c:47:5: note: declared here
 int blankingtimecorr_ia_in_read(blankingtimecorr *InstancePtr) {
     ^~~~~~~~~~~~~~~~~~~~~~~~~~~
In file included from blankingtimecorr.h:9,
                 from blankingtimecorr.c:1:
blankingtimecorr.c: In function 'blankingtimecorr_blankingtime_read':
../../../include/xil_assert.h:108:9: warning: 'return' with no value, in function returning non-void
         return;                                    \
         ^~~~~~
blankingtimecorr.c:64:5: note: in expansion of macro 'Xil_AssertVoid'
     Xil_AssertVoid(InstancePtr != NULL);
     ^~~~~~~~~~~~~~
blankingtimecorr.c:61:5: note: declared here
 int blankingtimecorr_blankingtime_read(blankingtimecorr *InstancePtr) {
     ^~~~~~~~~~~~~~~~~~~~~~~~~~~~~~~~~~
In file included from blankingtimecorr.h:9,
                 from blankingtimecorr.c:1:
blankingtimecorr.c: In function 'blankingtimecorr_t_samp_on_read':
../../../include/xil_assert.h:108:9: warning: 'return' with no value, in function returning non-void
         return;                                    \
         ^~~~~~
blankingtimecorr.c:72:5: note: in expansion of macro 'Xil_AssertVoid'
     Xil_AssertVoid(InstancePtr != NULL);
     ^~~~~~~~~~~~~~
blankingtimecorr.c:69:5: note: declared here
 u32 blankingtimecorr_t_samp_on_read(blankingtimecorr *InstancePtr) {
     ^~~~~~~~~~~~~~~~~~~~~~~~~~~~~~~
In file included from blankingtimecorr.h:9,
                 from blankingtimecorr.c:1:
blankingtimecorr.c: In function 'blankingtimecorr_ta_on_read':
../../../include/xil_assert.h:108:9: warning: 'return' with no value, in function returning non-void
         return;                                    \
         ^~~~~~
blankingtimecorr.c:80:5: note: in expansion of macro 'Xil_AssertVoid'
     Xil_AssertVoid(InstancePtr != NULL);
     ^~~~~~~~~~~~~~
blankingtimecorr.c:77:5: note: declared here
 u32 blankingtimecorr_ta_on_read(blankingtimecorr *InstancePtr) {
     ^~~~~~~~~~~~~~~~~~~~~~~~~~~
In file included from blankingtimecorr.h:9,
                 from blankingtimecorr.c:1:
blankingtimecorr.c: In function 'blankingtimecorr_tb_on_read':
../../../include/xil_assert.h:108:9: warning: 'return' with no value, in function returning non-void
         return;                                    \
         ^~~~~~
blankingtimecorr.c:88:5: note: in expansion of macro 'Xil_AssertVoid'
     Xil_AssertVoid(InstancePtr != NULL);
     ^~~~~~~~~~~~~~
blankingtimecorr.c:85:5: note: declared here
 u32 blankingtimecorr_tb_on_read(blankingtimecorr *InstancePtr) {
     ^~~~~~~~~~~~~~~~~~~~~~~~~~~
In file included from blankingtimecorr.h:9,
                 from blankingtimecorr.c:1:
blankingtimecorr.c: In function 'blankingtimecorr_tc_on_read':
../../../include/xil_assert.h:108:9: warning: 'return' with no value, in function returning non-void
         return;                                    \
         ^~~~~~
blankingtimecorr.c:96:5: note: in expansion of macro 'Xil_AssertVoid'
     Xil_AssertVoid(InstancePtr != NULL);
     ^~~~~~~~~~~~~~
blankingtimecorr.c:93:5: note: declared here
 u32 blankingtimecorr_tc_on_read(blankingtimecorr *InstancePtr) {
     ^~~~~~~~~~~~~~~~~~~~~~~~~~~
arm-none-eabi-ar: creating ../../../lib/libxil.a
"Running Make libs in ps7_cortexa9_1/libsrc/canps_v3_2/src"
make -C ps7_cortexa9_1/libsrc/canps_v3_2/src -s libs  "SHELL=CMD" "COMPILER=arm-none-eabi-gcc" "ARCHIVER=arm-none-eabi-ar" "COMPILER_FLAGS=  -O2 -c" "EXTRA_COMPILER_FLAGS=-DUSE_AMP=1 -mcpu=cortex-a9 -mfpu=vfpv3 -mfloat-abi=hard -nostartfiles -g -Wall -Wextra"
"Compiling canps"
"Running Make libs in ps7_cortexa9_1/libsrc/common_v1_00_a/src"
make -C ps7_cortexa9_1/libsrc/common_v1_00_a/src -s libs  "SHELL=CMD" "COMPILER=arm-none-eabi-gcc" "ARCHIVER=arm-none-eabi-ar" "COMPILER_FLAGS=  -O2 -c" "EXTRA_COMPILER_FLAGS=-DUSE_AMP=1 -mcpu=cortex-a9 -mfpu=vfpv3 -mfloat-abi=hard -nostartfiles -g -Wall -Wextra"
"Compiling common"
xutil_memtest.c: In function 'XUtil_MemoryTest32':
xutil_memtest.c:157:7: warning: this statement may fall through [-Wimplicit-fallthrough=]
    if (Subtest != XUT_ALLMEMTESTS) {
       ^
xutil_memtest.c:166:2: note: here
  case XUT_WALKONES:
  ^~~~
xutil_memtest.c:218:7: warning: this statement may fall through [-Wimplicit-fallthrough=]
    if (Subtest != XUT_ALLMEMTESTS) {
       ^
xutil_memtest.c:227:2: note: here
  case XUT_WALKZEROS:
  ^~~~
xutil_memtest.c:282:7: warning: this statement may fall through [-Wimplicit-fallthrough=]
    if (Subtest != XUT_ALLMEMTESTS) {
       ^
xutil_memtest.c:290:2: note: here
  case XUT_INVERSEADDR:
  ^~~~
xutil_memtest.c:323:7: warning: this statement may fall through [-Wimplicit-fallthrough=]
    if (Subtest != XUT_ALLMEMTESTS) {
       ^
xutil_memtest.c:333:2: note: here
  case XUT_FIXEDPATTERN:
  ^~~~
xutil_memtest.c: In function 'XUtil_MemoryTest16':
xutil_memtest.c:492:7: warning: this statement may fall through [-Wimplicit-fallthrough=]
    if (Subtest != XUT_ALLMEMTESTS) {
       ^
xutil_memtest.c:500:2: note: here
  case XUT_WALKONES:
  ^~~~
xutil_memtest.c:555:7: warning: this statement may fall through [-Wimplicit-fallthrough=]
    if (Subtest != XUT_ALLMEMTESTS) {
       ^
xutil_memtest.c:564:2: note: here
  case XUT_WALKZEROS:
  ^~~~
xutil_memtest.c:621:7: warning: this statement may fall through [-Wimplicit-fallthrough=]
    if (Subtest != XUT_ALLMEMTESTS) {
       ^
xutil_memtest.c:629:2: note: here
  case XUT_INVERSEADDR:
  ^~~~
xutil_memtest.c:660:7: warning: this statement may fall through [-Wimplicit-fallthrough=]
    if (Subtest != XUT_ALLMEMTESTS) {
       ^
xutil_memtest.c:670:2: note: here
  case XUT_FIXEDPATTERN:
  ^~~~
xutil_memtest.c: In function 'XUtil_MemoryTest8':
xutil_memtest.c:832:7: warning: this statement may fall through [-Wimplicit-fallthrough=]
    if (Subtest != XUT_ALLMEMTESTS) {
       ^
xutil_memtest.c:841:2: note: here
  case XUT_WALKONES:
  ^~~~
xutil_memtest.c:893:7: warning: this statement may fall through [-Wimplicit-fallthrough=]
    if (Subtest != XUT_ALLMEMTESTS) {
       ^
xutil_memtest.c:902:2: note: here
  case XUT_WALKZEROS:
  ^~~~
xutil_memtest.c:958:7: warning: this statement may fall through [-Wimplicit-fallthrough=]
    if (Subtest != XUT_ALLMEMTESTS) {
       ^
xutil_memtest.c:966:2: note: here
  case XUT_INVERSEADDR:
  ^~~~
xutil_memtest.c:998:7: warning: this statement may fall through [-Wimplicit-fallthrough=]
    if (Subtest != XUT_ALLMEMTESTS) {
       ^
xutil_memtest.c:1008:2: note: here
  case XUT_FIXEDPATTERN:
  ^~~~
"Running Make libs in ps7_cortexa9_1/libsrc/comparator_limiter_block_v1_00_a/src"
make -C ps7_cortexa9_1/libsrc/comparator_limiter_block_v1_00_a/src -s libs  "SHELL=CMD" "COMPILER=arm-none-eabi-gcc" "ARCHIVER=arm-none-eabi-ar" "COMPILER_FLAGS=  -O2 -c" "EXTRA_COMPILER_FLAGS=-DUSE_AMP=1 -mcpu=cortex-a9 -mfpu=vfpv3 -mfloat-abi=hard -nostartfiles -g -Wall -Wextra"
"Running Make libs in ps7_cortexa9_1/libsrc/coresightps_dcc_v1_5/src"
make -C ps7_cortexa9_1/libsrc/coresightps_dcc_v1_5/src -s libs  "SHELL=CMD" "COMPILER=arm-none-eabi-gcc" "ARCHIVER=arm-none-eabi-ar" "COMPILER_FLAGS=  -O2 -c" "EXTRA_COMPILER_FLAGS=-DUSE_AMP=1 -mcpu=cortex-a9 -mfpu=vfpv3 -mfloat-abi=hard -nostartfiles -g -Wall -Wextra"
"Compiling coresightps_dcc"
"Running Make libs in ps7_cortexa9_1/libsrc/cpu_cortexa9_v2_7/src"
make -C ps7_cortexa9_1/libsrc/cpu_cortexa9_v2_7/src -s libs  "SHELL=CMD" "COMPILER=arm-none-eabi-gcc" "ARCHIVER=arm-none-eabi-ar" "COMPILER_FLAGS=  -O2 -c" "EXTRA_COMPILER_FLAGS=-DUSE_AMP=1 -mcpu=cortex-a9 -mfpu=vfpv3 -mfloat-abi=hard -nostartfiles -g -Wall -Wextra"
"Compiling cpu_cortexa9"
"Running Make libs in ps7_cortexa9_1/libsrc/da_converter_interface_v1_00_a/src"
make -C ps7_cortexa9_1/libsrc/da_converter_interface_v1_00_a/src -s libs  "SHELL=CMD" "COMPILER=arm-none-eabi-gcc" "ARCHIVER=arm-none-eabi-ar" "COMPILER_FLAGS=  -O2 -c" "EXTRA_COMPILER_FLAGS=-DUSE_AMP=1 -mcpu=cortex-a9 -mfpu=vfpv3 -mfloat-abi=hard -nostartfiles -g -Wall -Wextra"
"Running Make libs in ps7_cortexa9_1/libsrc/ddrps_v1_0/src"
make -C ps7_cortexa9_1/libsrc/ddrps_v1_0/src -s libs  "SHELL=CMD" "COMPILER=arm-none-eabi-gcc" "ARCHIVER=arm-none-eabi-ar" "COMPILER_FLAGS=  -O2 -c" "EXTRA_COMPILER_FLAGS=-DUSE_AMP=1 -mcpu=cortex-a9 -mfpu=vfpv3 -mfloat-abi=hard -nostartfiles -g -Wall -Wextra"
"Compiling ddrps"
"Running Make libs in ps7_cortexa9_1/libsrc/devcfg_v3_5/src"
make -C ps7_cortexa9_1/libsrc/devcfg_v3_5/src -s libs  "SHELL=CMD" "COMPILER=arm-none-eabi-gcc" "ARCHIVER=arm-none-eabi-ar" "COMPILER_FLAGS=  -O2 -c" "EXTRA_COMPILER_FLAGS=-DUSE_AMP=1 -mcpu=cortex-a9 -mfpu=vfpv3 -mfloat-abi=hard -nostartfiles -g -Wall -Wextra"
"Compiling devcfg"
"Running Make libs in ps7_cortexa9_1/libsrc/dmaps_v2_4/src"
make -C ps7_cortexa9_1/libsrc/dmaps_v2_4/src -s libs  "SHELL=CMD" "COMPILER=arm-none-eabi-gcc" "ARCHIVER=arm-none-eabi-ar" "COMPILER_FLAGS=  -O2 -c" "EXTRA_COMPILER_FLAGS=-DUSE_AMP=1 -mcpu=cortex-a9 -mfpu=vfpv3 -mfloat-abi=hard -nostartfiles -g -Wall -Wextra"
"Compiling dmaps"
"Running Make libs in ps7_cortexa9_1/libsrc/driver_interface_v1_00_a/src"
make -C ps7_cortexa9_1/libsrc/driver_interface_v1_00_a/src -s libs  "SHELL=CMD" "COMPILER=arm-none-eabi-gcc" "ARCHIVER=arm-none-eabi-ar" "COMPILER_FLAGS=  -O2 -c" "EXTRA_COMPILER_FLAGS=-DUSE_AMP=1 -mcpu=cortex-a9 -mfpu=vfpv3 -mfloat-abi=hard -nostartfiles -g -Wall -Wextra"
"Running Make libs in ps7_cortexa9_1/libsrc/emacps_v3_9/src"
make -C ps7_cortexa9_1/libsrc/emacps_v3_9/src -s libs  "SHELL=CMD" "COMPILER=arm-none-eabi-gcc" "ARCHIVER=arm-none-eabi-ar" "COMPILER_FLAGS=  -O2 -c" "EXTRA_COMPILER_FLAGS=-DUSE_AMP=1 -mcpu=cortex-a9 -mfpu=vfpv3 -mfloat-abi=hard -nostartfiles -g -Wall -Wextra"
"Compiling emacps"
"Running Make libs in ps7_cortexa9_1/libsrc/emu_pm_v6_10/src"
make -C ps7_cortexa9_1/libsrc/emu_pm_v6_10/src -s libs  "SHELL=CMD" "COMPILER=arm-none-eabi-gcc" "ARCHIVER=arm-none-eabi-ar" "COMPILER_FLAGS=  -O2 -c" "EXTRA_COMPILER_FLAGS=-DUSE_AMP=1 -mcpu=cortex-a9 -mfpu=vfpv3 -mfloat-abi=hard -nostartfiles -g -Wall -Wextra"
"Compiling foo_top_top"
In file included from emu_pm.h:9,
                 from emu_pm.c:1:
emu_pm.c: In function 'emu_pm_xq_read':
../../../include/xil_assert.h:108:9: warning: 'return' with no value, in function returning non-void
         return;                                    \
         ^~~~~~
emu_pm.c:22:5: note: in expansion of macro 'Xil_AssertVoid'
     Xil_AssertVoid(InstancePtr != NULL);
     ^~~~~~~~~~~~~~
emu_pm.c:19:5: note: declared here
 int emu_pm_xq_read(emu_pm *InstancePtr) {
     ^~~~~~~~~~~~~~
In file included from emu_pm.h:9,
                 from emu_pm.c:1:
emu_pm.c: In function 'emu_pm_xd_read':
../../../include/xil_assert.h:108:9: warning: 'return' with no value, in function returning non-void
         return;                                    \
         ^~~~~~
emu_pm.c:36:5: note: in expansion of macro 'Xil_AssertVoid'
     Xil_AssertVoid(InstancePtr != NULL);
     ^~~~~~~~~~~~~~
emu_pm.c:33:5: note: declared here
 int emu_pm_xd_read(emu_pm *InstancePtr) {
     ^~~~~~~~~~~~~~
In file included from emu_pm.h:9,
                 from emu_pm.c:1:
emu_pm.c: In function 'emu_pm_wntsamp_xq_read':
../../../include/xil_assert.h:108:9: warning: 'return' with no value, in function returning non-void
         return;                                    \
         ^~~~~~
emu_pm.c:50:5: note: in expansion of macro 'Xil_AssertVoid'
     Xil_AssertVoid(InstancePtr != NULL);
     ^~~~~~~~~~~~~~
emu_pm.c:47:5: note: declared here
 int emu_pm_wntsamp_xq_read(emu_pm *InstancePtr) {
     ^~~~~~~~~~~~~~~~~~~~~~
In file included from emu_pm.h:9,
                 from emu_pm.c:1:
emu_pm.c: In function 'emu_pm_wntsamp_xd_read':
../../../include/xil_assert.h:108:9: warning: 'return' with no value, in function returning non-void
         return;                                    \
         ^~~~~~
emu_pm.c:64:5: note: in expansion of macro 'Xil_AssertVoid'
     Xil_AssertVoid(InstancePtr != NULL);
     ^~~~~~~~~~~~~~
emu_pm.c:61:5: note: declared here
 int emu_pm_wntsamp_xd_read(emu_pm *InstancePtr) {
     ^~~~~~~~~~~~~~~~~~~~~~
In file included from emu_pm.h:9,
                 from emu_pm.c:1:
emu_pm.c: In function 'emu_pm_voltage_pu_bit_conv2_read':
../../../include/xil_assert.h:108:9: warning: 'return' with no value, in function returning non-void
         return;                                    \
         ^~~~~~
emu_pm.c:78:5: note: in expansion of macro 'Xil_AssertVoid'
     Xil_AssertVoid(InstancePtr != NULL);
     ^~~~~~~~~~~~~~
emu_pm.c:75:5: note: declared here
 int emu_pm_voltage_pu_bit_conv2_read(emu_pm *InstancePtr) {
     ^~~~~~~~~~~~~~~~~~~~~~~~~~~~~~~~
In file included from emu_pm.h:9,
                 from emu_pm.c:1:
emu_pm.c: In function 'emu_pm_voltage_pu_bit_conv1_read':
../../../include/xil_assert.h:108:9: warning: 'return' with no value, in function returning non-void
         return;                                    \
         ^~~~~~
emu_pm.c:92:5: note: in expansion of macro 'Xil_AssertVoid'
     Xil_AssertVoid(InstancePtr != NULL);
     ^~~~~~~~~~~~~~
emu_pm.c:89:5: note: declared here
 int emu_pm_voltage_pu_bit_conv1_read(emu_pm *InstancePtr) {
     ^~~~~~~~~~~~~~~~~~~~~~~~~~~~~~~~
In file included from emu_pm.h:9,
                 from emu_pm.c:1:
emu_pm.c: In function 'emu_pm_rs_read':
../../../include/xil_assert.h:108:9: warning: 'return' with no value, in function returning non-void
         return;                                    \
         ^~~~~~
emu_pm.c:106:5: note: in expansion of macro 'Xil_AssertVoid'
     Xil_AssertVoid(InstancePtr != NULL);
     ^~~~~~~~~~~~~~
emu_pm.c:103:5: note: declared here
 int emu_pm_rs_read(emu_pm *InstancePtr) {
     ^~~~~~~~~~~~~~
In file included from emu_pm.h:9,
                 from emu_pm.c:1:
emu_pm.c: In function 'emu_pm_psi_m_read':
../../../include/xil_assert.h:108:9: warning: 'return' with no value, in function returning non-void
         return;                                    \
         ^~~~~~
emu_pm.c:120:5: note: in expansion of macro 'Xil_AssertVoid'
     Xil_AssertVoid(InstancePtr != NULL);
     ^~~~~~~~~~~~~~
emu_pm.c:117:5: note: declared here
 int emu_pm_psi_m_read(emu_pm *InstancePtr) {
     ^~~~~~~~~~~~~~~~~
In file included from emu_pm.h:9,
                 from emu_pm.c:1:
emu_pm.c: In function 'emu_pm_current_pu_bit_conv2_read':
../../../include/xil_assert.h:108:9: warning: 'return' with no value, in function returning non-void
         return;                                    \
         ^~~~~~
emu_pm.c:134:5: note: in expansion of macro 'Xil_AssertVoid'
     Xil_AssertVoid(InstancePtr != NULL);
     ^~~~~~~~~~~~~~
emu_pm.c:131:5: note: declared here
 int emu_pm_current_pu_bit_conv2_read(emu_pm *InstancePtr) {
     ^~~~~~~~~~~~~~~~~~~~~~~~~~~~~~~~
In file included from emu_pm.h:9,
                 from emu_pm.c:1:
emu_pm.c: In function 'emu_pm_current_pu_bit_conv1_read':
../../../include/xil_assert.h:108:9: warning: 'return' with no value, in function returning non-void
         return;                                    \
         ^~~~~~
emu_pm.c:148:5: note: in expansion of macro 'Xil_AssertVoid'
     Xil_AssertVoid(InstancePtr != NULL);
     ^~~~~~~~~~~~~~
emu_pm.c:145:5: note: declared here
 int emu_pm_current_pu_bit_conv1_read(emu_pm *InstancePtr) {
     ^~~~~~~~~~~~~~~~~~~~~~~~~~~~~~~~
In file included from emu_pm.h:9,
                 from emu_pm.c:1:
emu_pm.c: In function 'emu_pm_vdc2_read':
../../../include/xil_assert.h:108:9: warning: 'return' with no value, in function returning non-void
         return;                                    \
         ^~~~~~
emu_pm.c:162:5: note: in expansion of macro 'Xil_AssertVoid'
     Xil_AssertVoid(InstancePtr != NULL);
     ^~~~~~~~~~~~~~
emu_pm.c:159:5: note: declared here
 int emu_pm_vdc2_read(emu_pm *InstancePtr) {
     ^~~~~~~~~~~~~~~~
In file included from emu_pm.h:9,
                 from emu_pm.c:1:
emu_pm.c: In function 'emu_pm_vdc1_read':
../../../include/xil_assert.h:108:9: warning: 'return' with no value, in function returning non-void
         return;                                    \
         ^~~~~~
emu_pm.c:176:5: note: in expansion of macro 'Xil_AssertVoid'
     Xil_AssertVoid(InstancePtr != NULL);
     ^~~~~~~~~~~~~~
emu_pm.c:173:5: note: declared here
 int emu_pm_vdc1_read(emu_pm *InstancePtr) {
     ^~~~~~~~~~~~~~~~
In file included from emu_pm.h:9,
                 from emu_pm.c:1:
emu_pm.c: In function 'emu_pm_polepairs_read':
../../../include/xil_assert.h:108:9: warning: 'return' with no value, in function returning non-void
         return;                                    \
         ^~~~~~
emu_pm.c:190:5: note: in expansion of macro 'Xil_AssertVoid'
     Xil_AssertVoid(InstancePtr != NULL);
     ^~~~~~~~~~~~~~
emu_pm.c:187:5: note: declared here
 int emu_pm_polepairs_read(emu_pm *InstancePtr) {
     ^~~~~~~~~~~~~~~~~~~~~
In file included from emu_pm.h:9,
                 from emu_pm.c:1:
emu_pm.c: In function 'emu_pm_kn_read':
../../../include/xil_assert.h:108:9: warning: 'return' with no value, in function returning non-void
         return;                                    \
         ^~~~~~
emu_pm.c:204:5: note: in expansion of macro 'Xil_AssertVoid'
     Xil_AssertVoid(InstancePtr != NULL);
     ^~~~~~~~~~~~~~
emu_pm.c:201:5: note: declared here
 int emu_pm_kn_read(emu_pm *InstancePtr) {
     ^~~~~~~~~~~~~~
In file included from emu_pm.h:9,
                 from emu_pm.c:1:
emu_pm.c: In function 'emu_pm_k_fnmechtstep_read':
../../../include/xil_assert.h:108:9: warning: 'return' with no value, in function returning non-void
         return;                                    \
         ^~~~~~
emu_pm.c:218:5: note: in expansion of macro 'Xil_AssertVoid'
     Xil_AssertVoid(InstancePtr != NULL);
     ^~~~~~~~~~~~~~
emu_pm.c:215:5: note: declared here
 int emu_pm_k_fnmechtstep_read(emu_pm *InstancePtr) {
     ^~~~~~~~~~~~~~~~~~~~~~~~~
In file included from emu_pm.h:9,
                 from emu_pm.c:1:
emu_pm.c: In function 'emu_pm_ts_tm_read':
../../../include/xil_assert.h:108:9: warning: 'return' with no value, in function returning non-void
         return;                                    \
         ^~~~~~
emu_pm.c:232:5: note: in expansion of macro 'Xil_AssertVoid'
     Xil_AssertVoid(InstancePtr != NULL);
     ^~~~~~~~~~~~~~
emu_pm.c:229:5: note: declared here
 int emu_pm_ts_tm_read(emu_pm *InstancePtr) {
     ^~~~~~~~~~~~~~~~~
In file included from emu_pm.h:9,
                 from emu_pm.c:1:
emu_pm.c: In function 'emu_pm_tl_read':
../../../include/xil_assert.h:108:9: warning: 'return' with no value, in function returning non-void
         return;                                    \
         ^~~~~~
emu_pm.c:246:5: note: in expansion of macro 'Xil_AssertVoid'
     Xil_AssertVoid(InstancePtr != NULL);
     ^~~~~~~~~~~~~~
emu_pm.c:243:5: note: declared here
 int emu_pm_tl_read(emu_pm *InstancePtr) {
     ^~~~~~~~~~~~~~
In file included from emu_pm.h:9,
                 from emu_pm.c:1:
emu_pm.c: In function 'emu_pm_tlsum_read':
../../../include/xil_assert.h:108:9: warning: 'return' with no value, in function returning non-void
         return;                                    \
         ^~~~~~
emu_pm.c:254:5: note: in expansion of macro 'Xil_AssertVoid'
     Xil_AssertVoid(InstancePtr != NULL);
     ^~~~~~~~~~~~~~
emu_pm.c:251:5: note: declared here
 int emu_pm_tlsum_read(emu_pm *InstancePtr) {
     ^~~~~~~~~~~~~~~~~
In file included from emu_pm.h:9,
                 from emu_pm.c:1:
emu_pm.c: In function 'emu_pm_speed_read':
../../../include/xil_assert.h:108:9: warning: 'return' with no value, in function returning non-void
         return;                                    \
         ^~~~~~
emu_pm.c:262:5: note: in expansion of macro 'Xil_AssertVoid'
     Xil_AssertVoid(InstancePtr != NULL);
     ^~~~~~~~~~~~~~
emu_pm.c:259:5: note: declared here
 int emu_pm_speed_read(emu_pm *InstancePtr) {
     ^~~~~~~~~~~~~~~~~
In file included from emu_pm.h:9,
                 from emu_pm.c:1:
emu_pm.c: In function 'emu_pm_theta_el_read':
../../../include/xil_assert.h:108:9: warning: 'return' with no value, in function returning non-void
         return;                                    \
         ^~~~~~
emu_pm.c:270:5: note: in expansion of macro 'Xil_AssertVoid'
     Xil_AssertVoid(InstancePtr != NULL);
     ^~~~~~~~~~~~~~
emu_pm.c:267:5: note: declared here
 int emu_pm_theta_el_read(emu_pm *InstancePtr) {
     ^~~~~~~~~~~~~~~~~~~~
In file included from emu_pm.h:9,
                 from emu_pm.c:1:
emu_pm.c: In function 'emu_pm_theta_mech_read':
../../../include/xil_assert.h:108:9: warning: 'return' with no value, in function returning non-void
         return;                                    \
         ^~~~~~
emu_pm.c:278:5: note: in expansion of macro 'Xil_AssertVoid'
     Xil_AssertVoid(InstancePtr != NULL);
     ^~~~~~~~~~~~~~
emu_pm.c:275:5: note: declared here
 int emu_pm_theta_mech_read(emu_pm *InstancePtr) {
     ^~~~~~~~~~~~~~~~~~~~~~
In file included from emu_pm.h:9,
                 from emu_pm.c:1:
emu_pm.c: In function 'emu_pm_ia_read':
../../../include/xil_assert.h:108:9: warning: 'return' with no value, in function returning non-void
         return;                                    \
         ^~~~~~
emu_pm.c:286:5: note: in expansion of macro 'Xil_AssertVoid'
     Xil_AssertVoid(InstancePtr != NULL);
     ^~~~~~~~~~~~~~
emu_pm.c:283:5: note: declared here
 int emu_pm_ia_read(emu_pm *InstancePtr) {
     ^~~~~~~~~~~~~~
In file included from emu_pm.h:9,
                 from emu_pm.c:1:
emu_pm.c: In function 'emu_pm_ib_read':
../../../include/xil_assert.h:108:9: warning: 'return' with no value, in function returning non-void
         return;                                    \
         ^~~~~~
emu_pm.c:294:5: note: in expansion of macro 'Xil_AssertVoid'
     Xil_AssertVoid(InstancePtr != NULL);
     ^~~~~~~~~~~~~~
emu_pm.c:291:5: note: declared here
 int emu_pm_ib_read(emu_pm *InstancePtr) {
     ^~~~~~~~~~~~~~
In file included from emu_pm.h:9,
                 from emu_pm.c:1:
emu_pm.c: In function 'emu_pm_ic_read':
../../../include/xil_assert.h:108:9: warning: 'return' with no value, in function returning non-void
         return;                                    \
         ^~~~~~
emu_pm.c:302:5: note: in expansion of macro 'Xil_AssertVoid'
     Xil_AssertVoid(InstancePtr != NULL);
     ^~~~~~~~~~~~~~
emu_pm.c:299:5: note: declared here
 int emu_pm_ic_read(emu_pm *InstancePtr) {
     ^~~~~~~~~~~~~~
In file included from emu_pm.h:9,
                 from emu_pm.c:1:
emu_pm.c: In function 'emu_pm_id_read':
../../../include/xil_assert.h:108:9: warning: 'return' with no value, in function returning non-void
         return;                                    \
         ^~~~~~
emu_pm.c:310:5: note: in expansion of macro 'Xil_AssertVoid'
     Xil_AssertVoid(InstancePtr != NULL);
     ^~~~~~~~~~~~~~
emu_pm.c:307:5: note: declared here
 int emu_pm_id_read(emu_pm *InstancePtr) {
     ^~~~~~~~~~~~~~
In file included from emu_pm.h:9,
                 from emu_pm.c:1:
emu_pm.c: In function 'emu_pm_iq_read':
../../../include/xil_assert.h:108:9: warning: 'return' with no value, in function returning non-void
         return;                                    \
         ^~~~~~
emu_pm.c:318:5: note: in expansion of macro 'Xil_AssertVoid'
     Xil_AssertVoid(InstancePtr != NULL);
     ^~~~~~~~~~~~~~
emu_pm.c:315:5: note: declared here
 int emu_pm_iq_read(emu_pm *InstancePtr) {
     ^~~~~~~~~~~~~~
In file included from emu_pm.h:9,
                 from emu_pm.c:1:
emu_pm.c: In function 'emu_pm_motor_id_read':
../../../include/xil_assert.h:108:9: warning: 'return' with no value, in function returning non-void
         return;                                    \
         ^~~~~~
emu_pm.c:326:5: note: in expansion of macro 'Xil_AssertVoid'
     Xil_AssertVoid(InstancePtr != NULL);
     ^~~~~~~~~~~~~~
emu_pm.c:323:5: note: declared here
 u32 emu_pm_motor_id_read(emu_pm *InstancePtr) {
     ^~~~~~~~~~~~~~~~~~~~
In file included from emu_pm.h:9,
                 from emu_pm.c:1:
emu_pm.c: In function 'emu_pm_psi_d_read':
../../../include/xil_assert.h:108:9: warning: 'return' with no value, in function returning non-void
         return;                                    \
         ^~~~~~
emu_pm.c:334:5: note: in expansion of macro 'Xil_AssertVoid'
     Xil_AssertVoid(InstancePtr != NULL);
     ^~~~~~~~~~~~~~
emu_pm.c:331:5: note: declared here
 int emu_pm_psi_d_read(emu_pm *InstancePtr) {
     ^~~~~~~~~~~~~~~~~
In file included from emu_pm.h:9,
                 from emu_pm.c:1:
emu_pm.c: In function 'emu_pm_psi_q_read':
../../../include/xil_assert.h:108:9: warning: 'return' with no value, in function returning non-void
         return;                                    \
         ^~~~~~
emu_pm.c:342:5: note: in expansion of macro 'Xil_AssertVoid'
     Xil_AssertVoid(InstancePtr != NULL);
     ^~~~~~~~~~~~~~
emu_pm.c:339:5: note: declared here
 int emu_pm_psi_q_read(emu_pm *InstancePtr) {
     ^~~~~~~~~~~~~~~~~
In file included from emu_pm.h:9,
                 from emu_pm.c:1:
emu_pm.c: In function 'emu_pm_te_read':
../../../include/xil_assert.h:108:9: warning: 'return' with no value, in function returning non-void
         return;                                    \
         ^~~~~~
emu_pm.c:350:5: note: in expansion of macro 'Xil_AssertVoid'
     Xil_AssertVoid(InstancePtr != NULL);
     ^~~~~~~~~~~~~~
emu_pm.c:347:5: note: declared here
 int emu_pm_te_read(emu_pm *InstancePtr) {
     ^~~~~~~~~~~~~~
"Running Make libs in ps7_cortexa9_1/libsrc/filter_block_v1_00_a/src"
make -C ps7_cortexa9_1/libsrc/filter_block_v1_00_a/src -s libs  "SHELL=CMD" "COMPILER=arm-none-eabi-gcc" "ARCHIVER=arm-none-eabi-ar" "COMPILER_FLAGS=  -O2 -c" "EXTRA_COMPILER_FLAGS=-DUSE_AMP=1 -mcpu=cortex-a9 -mfpu=vfpv3 -mfloat-abi=hard -nostartfiles -g -Wall -Wextra"
"Running Make libs in ps7_cortexa9_1/libsrc/gpiops_v3_5/src"
make -C ps7_cortexa9_1/libsrc/gpiops_v3_5/src -s libs  "SHELL=CMD" "COMPILER=arm-none-eabi-gcc" "ARCHIVER=arm-none-eabi-ar" "COMPILER_FLAGS=  -O2 -c" "EXTRA_COMPILER_FLAGS=-DUSE_AMP=1 -mcpu=cortex-a9 -mfpu=vfpv3 -mfloat-abi=hard -nostartfiles -g -Wall -Wextra"
"Compiling gpiops"
"Running Make libs in ps7_cortexa9_1/libsrc/gpio_v4_4/src"
make -C ps7_cortexa9_1/libsrc/gpio_v4_4/src -s libs  "SHELL=CMD" "COMPILER=arm-none-eabi-gcc" "ARCHIVER=arm-none-eabi-ar" "COMPILER_FLAGS=  -O2 -c" "EXTRA_COMPILER_FLAGS=-DUSE_AMP=1 -mcpu=cortex-a9 -mfpu=vfpv3 -mfloat-abi=hard -nostartfiles -g -Wall -Wextra"
"Compiling gpio"
"Running Make libs in ps7_cortexa9_1/libsrc/incremental_encoder_interface_v1_00_a/src"
make -C ps7_cortexa9_1/libsrc/incremental_encoder_interface_v1_00_a/src -s libs  "SHELL=CMD" "COMPILER=arm-none-eabi-gcc" "ARCHIVER=arm-none-eabi-ar" "COMPILER_FLAGS=  -O2 -c" "EXTRA_COMPILER_FLAGS=-DUSE_AMP=1 -mcpu=cortex-a9 -mfpu=vfpv3 -mfloat-abi=hard -nostartfiles -g -Wall -Wextra"
"Running Make libs in ps7_cortexa9_1/libsrc/multiplexer_v1_0/src"
make -C ps7_cortexa9_1/libsrc/multiplexer_v1_0/src -s libs  "SHELL=CMD" "COMPILER=arm-none-eabi-gcc" "ARCHIVER=arm-none-eabi-ar" "COMPILER_FLAGS=  -O2 -c" "EXTRA_COMPILER_FLAGS=-DUSE_AMP=1 -mcpu=cortex-a9 -mfpu=vfpv3 -mfloat-abi=hard -nostartfiles -g -Wall -Wextra"
"Compiling multiplexer..."
multiplexer_selftest.c: In function 'MULTIPLEXER_Reg_SelfTest':
multiplexer_selftest.c:52:60: warning: comparison of integer expressions of different signedness: 'u32' {aka 'long unsigned int'} and 'int' [-Wsign-compare]
    if ( MULTIPLEXER_mReadReg (baseaddr, read_loop_index*4) != (read_loop_index+1)*READ_WRITE_MUL_FACTOR){
                                                            ^~
multiplexer_selftest.c:36:6: warning: unused variable 'Index' [-Wunused-variable]
  int Index;
      ^~~~~
"Running Make libs in ps7_cortexa9_1/libsrc/pulse_width_modulator_v1_00_a/src"
make -C ps7_cortexa9_1/libsrc/pulse_width_modulator_v1_00_a/src -s libs  "SHELL=CMD" "COMPILER=arm-none-eabi-gcc" "ARCHIVER=arm-none-eabi-ar" "COMPILER_FLAGS=  -O2 -c" "EXTRA_COMPILER_FLAGS=-DUSE_AMP=1 -mcpu=cortex-a9 -mfpu=vfpv3 -mfloat-abi=hard -nostartfiles -g -Wall -Wextra"
"Running Make libs in ps7_cortexa9_1/libsrc/qspips_v3_6/src"
make -C ps7_cortexa9_1/libsrc/qspips_v3_6/src -s libs  "SHELL=CMD" "COMPILER=arm-none-eabi-gcc" "ARCHIVER=arm-none-eabi-ar" "COMPILER_FLAGS=  -O2 -c" "EXTRA_COMPILER_FLAGS=-DUSE_AMP=1 -mcpu=cortex-a9 -mfpu=vfpv3 -mfloat-abi=hard -nostartfiles -g -Wall -Wextra"
"Compiling qspips"
"Running Make libs in ps7_cortexa9_1/libsrc/register_array_v1_00_a/src"
make -C ps7_cortexa9_1/libsrc/register_array_v1_00_a/src -s libs  "SHELL=CMD" "COMPILER=arm-none-eabi-gcc" "ARCHIVER=arm-none-eabi-ar" "COMPILER_FLAGS=  -O2 -c" "EXTRA_COMPILER_FLAGS=-DUSE_AMP=1 -mcpu=cortex-a9 -mfpu=vfpv3 -mfloat-abi=hard -nostartfiles -g -Wall -Wextra"
"Running Make libs in ps7_cortexa9_1/libsrc/scugic_v4_0/src"
make -C ps7_cortexa9_1/libsrc/scugic_v4_0/src -s libs  "SHELL=CMD" "COMPILER=arm-none-eabi-gcc" "ARCHIVER=arm-none-eabi-ar" "COMPILER_FLAGS=  -O2 -c" "EXTRA_COMPILER_FLAGS=-DUSE_AMP=1 -mcpu=cortex-a9 -mfpu=vfpv3 -mfloat-abi=hard -nostartfiles -g -Wall -Wextra"
"Compiling scugic"
xscugic_hw.c: In function 'DistInit':
xscugic_hw.c:132:3: warning: #warning "Building GIC for AMP" [-Wcpp]
  #warning "Building GIC for AMP"
   ^~~~~~~
xscugic.c: In function 'DistributorInit':
xscugic.c:310:2: warning: #warning "Building GIC for AMP" [-Wcpp]
 #warning "Building GIC for AMP"
  ^~~~~~~
"Running Make libs in ps7_cortexa9_1/libsrc/scutimer_v2_1/src"
make -C ps7_cortexa9_1/libsrc/scutimer_v2_1/src -s libs  "SHELL=CMD" "COMPILER=arm-none-eabi-gcc" "ARCHIVER=arm-none-eabi-ar" "COMPILER_FLAGS=  -O2 -c" "EXTRA_COMPILER_FLAGS=-DUSE_AMP=1 -mcpu=cortex-a9 -mfpu=vfpv3 -mfloat-abi=hard -nostartfiles -g -Wall -Wextra"
"Compiling scutimer"
"Running Make libs in ps7_cortexa9_1/libsrc/scuwdt_v2_1/src"
make -C ps7_cortexa9_1/libsrc/scuwdt_v2_1/src -s libs  "SHELL=CMD" "COMPILER=arm-none-eabi-gcc" "ARCHIVER=arm-none-eabi-ar" "COMPILER_FLAGS=  -O2 -c" "EXTRA_COMPILER_FLAGS=-DUSE_AMP=1 -mcpu=cortex-a9 -mfpu=vfpv3 -mfloat-abi=hard -nostartfiles -g -Wall -Wextra"
"Compiling scuwdt"
"Running Make libs in ps7_cortexa9_1/libsrc/sdps_v3_7/src"
make -C ps7_cortexa9_1/libsrc/sdps_v3_7/src -s libs  "SHELL=CMD" "COMPILER=arm-none-eabi-gcc" "ARCHIVER=arm-none-eabi-ar" "COMPILER_FLAGS=  -O2 -c" "EXTRA_COMPILER_FLAGS=-DUSE_AMP=1 -mcpu=cortex-a9 -mfpu=vfpv3 -mfloat-abi=hard -nostartfiles -g -Wall -Wextra"
"Compiling sdps"
"Running Make libs in ps7_cortexa9_1/libsrc/spips_v3_2/src"
make -C ps7_cortexa9_1/libsrc/spips_v3_2/src -s libs  "SHELL=CMD" "COMPILER=arm-none-eabi-gcc" "ARCHIVER=arm-none-eabi-ar" "COMPILER_FLAGS=  -O2 -c" "EXTRA_COMPILER_FLAGS=-DUSE_AMP=1 -mcpu=cortex-a9 -mfpu=vfpv3 -mfloat-abi=hard -nostartfiles -g -Wall -Wextra"
"Compiling spips"
"Running Make libs in ps7_cortexa9_1/libsrc/standalone_v7_0/src"
make -C ps7_cortexa9_1/libsrc/standalone_v7_0/src -s libs  "SHELL=CMD" "COMPILER=arm-none-eabi-gcc" "ARCHIVER=arm-none-eabi-ar" "COMPILER_FLAGS=  -O2 -c" "EXTRA_COMPILER_FLAGS=-DUSE_AMP=1 -mcpu=cortex-a9 -mfpu=vfpv3 -mfloat-abi=hard -nostartfiles -g -Wall -Wextra"
"Compiling standalone"
In file included from usleep.c:56:
xtime_l.h:87:9: note: #pragma message: For the sleep routines, Global timer is being used
 #pragma message ("For the sleep routines, Global timer is being used")
         ^~~~~~~
xil_cache.c: In function 'Xil_DCacheInvalidateRange':
xil_cache.c:336:16: warning: unused variable 'L2CCOffset' [-Wunused-variable]
  volatile u32 *L2CCOffset = (volatile u32 *)(XPS_L2CC_BASEADDR +
                ^~~~~~~~~~
xil_cache.c: In function 'Xil_DCacheFlushRange':
xil_cache.c:481:16: warning: unused variable 'L2CCOffset' [-Wunused-variable]
  volatile u32 *L2CCOffset = (volatile u32 *)(XPS_L2CC_BASEADDR +
                ^~~~~~~~~~
xil_cache.c: In function 'Xil_ICacheInvalidateRange':
xil_cache.c:654:16: warning: unused variable 'L2CCOffset' [-Wunused-variable]
  volatile u32 *L2CCOffset = (volatile u32 *)(XPS_L2CC_BASEADDR +
                ^~~~~~~~~~
inbyte.c: In function 'inbyte':
inbyte.c:11:1: warning: control reaches end of non-void function [-Wreturn-type]
 }
 ^
In file included from xil_sleeptimer.c:51:
xtime_l.h:87:9: note: #pragma message: For the sleep routines, Global timer is being used
 #pragma message ("For the sleep routines, Global timer is being used")
         ^~~~~~~
In file included from xtime_l.c:49:
xtime_l.h:87:9: note: #pragma message: For the sleep routines, Global timer is being used
 #pragma message ("For the sleep routines, Global timer is being used")
         ^~~~~~~
outbyte.c: In function 'outbyte':
outbyte.c:11:19: warning: unused parameter 'c' [-Wunused-parameter]
 void outbyte(char c) {
              ~~~~~^
In file included from sleep.c:53:
xtime_l.h:87:9: note: #pragma message: For the sleep routines, Global timer is being used
 #pragma message ("For the sleep routines, Global timer is being used")
         ^~~~~~~
"Running Make libs in ps7_cortexa9_1/libsrc/switching_event_counter_v1_00_a/src"
make -C ps7_cortexa9_1/libsrc/switching_event_counter_v1_00_a/src -s libs  "SHELL=CMD" "COMPILER=arm-none-eabi-gcc" "ARCHIVER=arm-none-eabi-ar" "COMPILER_FLAGS=  -O2 -c" "EXTRA_COMPILER_FLAGS=-DUSE_AMP=1 -mcpu=cortex-a9 -mfpu=vfpv3 -mfloat-abi=hard -nostartfiles -g -Wall -Wextra"
"Running Make libs in ps7_cortexa9_1/libsrc/sysmon_v7_5/src"
make -C ps7_cortexa9_1/libsrc/sysmon_v7_5/src -s libs  "SHELL=CMD" "COMPILER=arm-none-eabi-gcc" "ARCHIVER=arm-none-eabi-ar" "COMPILER_FLAGS=  -O2 -c" "EXTRA_COMPILER_FLAGS=-DUSE_AMP=1 -mcpu=cortex-a9 -mfpu=vfpv3 -mfloat-abi=hard -nostartfiles -g -Wall -Wextra"
"Compiling sysmon"
"Running Make libs in ps7_cortexa9_1/libsrc/ttcps_v3_9/src"
make -C ps7_cortexa9_1/libsrc/ttcps_v3_9/src -s libs  "SHELL=CMD" "COMPILER=arm-none-eabi-gcc" "ARCHIVER=arm-none-eabi-ar" "COMPILER_FLAGS=  -O2 -c" "EXTRA_COMPILER_FLAGS=-DUSE_AMP=1 -mcpu=cortex-a9 -mfpu=vfpv3 -mfloat-abi=hard -nostartfiles -g -Wall -Wextra"
"Compiling ttcps"
"Running Make libs in ps7_cortexa9_1/libsrc/uartps_v3_7/src"
make -C ps7_cortexa9_1/libsrc/uartps_v3_7/src -s libs  "SHELL=CMD" "COMPILER=arm-none-eabi-gcc" "ARCHIVER=arm-none-eabi-ar" "COMPILER_FLAGS=  -O2 -c" "EXTRA_COMPILER_FLAGS=-DUSE_AMP=1 -mcpu=cortex-a9 -mfpu=vfpv3 -mfloat-abi=hard -nostartfiles -g -Wall -Wextra"
"Compiling uartps"
"Running Make libs in ps7_cortexa9_1/libsrc/usbps_v2_4/src"
make -C ps7_cortexa9_1/libsrc/usbps_v2_4/src -s libs  "SHELL=CMD" "COMPILER=arm-none-eabi-gcc" "ARCHIVER=arm-none-eabi-ar" "COMPILER_FLAGS=  -O2 -c" "EXTRA_COMPILER_FLAGS=-DUSE_AMP=1 -mcpu=cortex-a9 -mfpu=vfpv3 -mfloat-abi=hard -nostartfiles -g -Wall -Wextra"
"Compiling usbps"
"Running Make libs in ps7_cortexa9_1/libsrc/xadcps_v2_3/src"
make -C ps7_cortexa9_1/libsrc/xadcps_v2_3/src -s libs  "SHELL=CMD" "COMPILER=arm-none-eabi-gcc" "ARCHIVER=arm-none-eabi-ar" "COMPILER_FLAGS=  -O2 -c" "EXTRA_COMPILER_FLAGS=-DUSE_AMP=1 -mcpu=cortex-a9 -mfpu=vfpv3 -mfloat-abi=hard -nostartfiles -g -Wall -Wextra"
"Compiling xadcps"
'Finished building libraries'

18:14:08 Build Finished (took 58s.71ms)

