#-----------------------------------------------------------
# Webtalk v2019.1 (64-bit)
# SW Build 2552052 on Fri May 24 14:49:42 MDT 2019
# 
# Start of session at: Tue Aug 30 17:52:55 2022
# Process ID: 15696
# Current directory: C:/Programming/PESC_SDK_CTRL/webtalk
# Command line: wbtcv.exe -mode batch -source sdk_webtalk.tcl
# Log file: C:/Programming/PESC_SDK_CTRL/webtalk/webtalk.log
# Journal file: C:/Programming/PESC_SDK_CTRL/webtalk\webtalk.jou
#-----------------------------------------------------------
source sdk_webtalk.tcl
# webtalk_init -webtalk_dir C:\\Programming\\PESC_SDK_CTRL\\webtalk
# webtalk_register_client -client project
# webtalk_add_data -client project -key date_generated -value "2022-08-30 17:52:52" -context "software_version_and_target_device"
# webtalk_add_data -client project -key product_version -value "SDK v2019.1" -context "software_version_and_target_device"
# webtalk_add_data -client project -key build_version -value "2019.1" -context "software_version_and_target_device"
# webtalk_add_data -client project -key os_platform -value "amd64" -context "software_version_and_target_device"
# webtalk_add_data -client project -key registration_id -value "209875111_209874231_210634734_141" -context "software_version_and_target_device"
# webtalk_add_data -client project -key tool_flow -value "SDK" -context "software_version_and_target_device"
# webtalk_add_data -client project -key beta -value "false" -context "software_version_and_target_device"
# webtalk_add_data -client project -key route_design -value "NA" -context "software_version_and_target_device"
# webtalk_add_data -client project -key target_family -value "NA" -context "software_version_and_target_device"
# webtalk_add_data -client project -key target_device -value "NA" -context "software_version_and_target_device"
# webtalk_add_data -client project -key target_package -value "NA" -context "software_version_and_target_device"
# webtalk_add_data -client project -key target_speed -value "NA" -context "software_version_and_target_device"
# webtalk_add_data -client project -key random_id -value "4fge94s46bt55dmvqh7ghl77nj" -context "software_version_and_target_device"
# webtalk_add_data -client project -key project_id -value "2019.1_48" -context "software_version_and_target_device"
# webtalk_add_data -client project -key project_iteration -value "48" -context "software_version_and_target_device"
# webtalk_add_data -client project -key os_name -value "Microsoft Windows 8 or later , 64-bit" -context "user_environment"
# webtalk_add_data -client project -key os_release -value "major release  (build 9200)" -context "user_environment"
# webtalk_add_data -client project -key cpu_name -value "Intel(R) Core(TM) i7-7600U CPU @ 2.80GHz" -context "user_environment"
# webtalk_add_data -client project -key cpu_speed -value "2904 MHz" -context "user_environment"
# webtalk_add_data -client project -key total_processors -value "1" -context "user_environment"
# webtalk_add_data -client project -key system_ram -value "17.059 GB" -context "user_environment"
# webtalk_register_client -client sdk
# webtalk_add_data -client sdk -key uid -value "1661867747533" -context "sdk\\\\application/1661867747533"
# webtalk_add_data -client sdk -key hwid -value "1622721849312" -context "sdk\\\\application/1661867747533"
# webtalk_add_data -client sdk -key bspid -value "1639760283838" -context "sdk\\\\application/1661867747533"
# webtalk_add_data -client sdk -key newbsp -value "false" -context "sdk\\\\application/1661867747533"
# webtalk_add_data -client sdk -key os -value "standalone" -context "sdk\\\\application/1661867747533"
# webtalk_add_data -client sdk -key apptemplate -value "empty_application" -context "sdk\\\\application/1661867747533"
# webtalk_add_data -client sdk -key RecordType -value "APPCreation" -context "sdk\\\\application/1661867747533"
# webtalk_add_data -client sdk -key LangUsed -value "CPP" -context "sdk\\\\application/1661867747533"
# webtalk_add_data -client sdk -key Procused -value "ps7_cortexa9" -context "sdk\\\\application/1661867747533"
# webtalk_add_data -client sdk -key uid -value "NA" -context "sdk\\\\bsp/1661874772069"
# webtalk_add_data -client sdk -key RecordType -value "ToolUsage" -context "sdk\\\\bsp/1661874772069"
# webtalk_add_data -client sdk -key BootgenCount -value "0" -context "sdk\\\\bsp/1661874772069"
# webtalk_add_data -client sdk -key DebugCount -value "0" -context "sdk\\\\bsp/1661874772069"
# webtalk_add_data -client sdk -key PerfCount -value "0" -context "sdk\\\\bsp/1661874772069"
# webtalk_add_data -client sdk -key FlashCount -value "0" -context "sdk\\\\bsp/1661874772069"
# webtalk_add_data -client sdk -key CrossTriggCount -value "0" -context "sdk\\\\bsp/1661874772069"
# webtalk_add_data -client sdk -key QemuDebugCount -value "0" -context "sdk\\\\bsp/1661874772069"
# webtalk_transmit -clientid 3204191137 -regid "209875111_209874231_210634734_141" -xml C:\\Programming\\PESC_SDK_CTRL\\webtalk\\usage_statistics_ext_sdk.xml -html C:\\Programming\\PESC_SDK_CTRL\\webtalk\\usage_statistics_ext_sdk.html -wdm C:\\Programming\\PESC_SDK_CTRL\\webtalk\\sdk_webtalk.wdm -intro "<H3>SDK Usage Report</H3><BR>"
# webtalk_terminate
INFO: [Common 17-206] Exiting Webtalk at Tue Aug 30 17:52:55 2022...
